-------------------------------------------------------------------------------
Test set: com.example.TesteCadastro
-------------------------------------------------------------------------------
Tests run: 1, Failures: 0, Errors: 1, Skipped: 0, Time elapsed: 0.009 s <<< FAILURE! - in com.example.TesteCadastro
initializationError(com.example.TesteCadastro)  Time elapsed: 0.007 s  <<< ERROR!
java.lang.Exception: Method validarDadosDeCadastro() should be public

